<?xml version="1.0" encoding="UTF-8"?>
<!-- Generated by org.testng.reporters.JUnitReportReporter -->
<testsuite hostname="PNP" name="com.shopcart.testcases.CatalogPriceRulesTestCases" tests="7" failures="0" timestamp="8 May 2019 09:22:50 GMT" time="148.887" errors="1">
  <testcase name="clickOnCatalogPriceRulesMenu" time="21.930" classname="com.shopcart.testcases.CatalogPriceRulesTestCases"/>
  <testcase name="clickOnPriceRulesMenu" time="17.629" classname="com.shopcart.testcases.CatalogPriceRulesTestCases"/>
  <testcase name="verifyCatalogPriceRulesPanelHeadingTest" time="33.168" classname="com.shopcart.testcases.CatalogPriceRulesTestCases"/>
  <testcase name="verifyPriceRulesMenuTest" time="20.743" classname="com.shopcart.testcases.CatalogPriceRulesTestCases"/>
  <testcase name="verifyTitle" time="17.561" classname="com.shopcart.testcases.CatalogPriceRulesTestCases"/>
  <testcase name="verifyCatalogPriceRulesMenuTest" time="17.216" classname="com.shopcart.testcases.CatalogPriceRulesTestCases">
    <error type="java.lang.AssertionError" message="expected [Catalog Price Rules] but found []">
      <![CDATA[java.lang.AssertionError: expected [Catalog Price Rules] but found []
	at org.testng.Assert.fail(Assert.java:94)
	at org.testng.Assert.failNotEquals(Assert.java:494)
	at org.testng.Assert.assertEquals(Assert.java:123)
	at org.testng.Assert.assertEquals(Assert.java:176)
	at org.testng.Assert.assertEquals(Assert.java:186)
	at com.shopcart.testcases.CatalogPriceRulesTestCases.verifyCatalogPriceRulesMenuTest(CatalogPriceRulesTestCases.java:59)
	at sun.reflect.NativeMethodAccessorImpl.invoke0(Native Method)
	at sun.reflect.NativeMethodAccessorImpl.invoke(Unknown Source)
	at sun.reflect.DelegatingMethodAccessorImpl.invoke(Unknown Source)
	at java.lang.reflect.Method.invoke(Unknown Source)
	at org.testng.internal.MethodInvocationHelper.invokeMethod(MethodInvocationHelper.java:84)
	at org.testng.internal.Invoker.invokeMethod(Invoker.java:714)
	at org.testng.internal.Invoker.invokeTestMethod(Invoker.java:901)
	at org.testng.internal.Invoker.invokeTestMethods(Invoker.java:1231)
	at org.testng.internal.TestMethodWorker.invokeTestMethods(TestMethodWorker.java:127)
	at org.testng.internal.TestMethodWorker.run(TestMethodWorker.java:111)
	at org.testng.TestRunner.privateRun(TestRunner.java:767)
	at org.testng.TestRunner.run(TestRunner.java:617)
	at org.testng.SuiteRunner.runTest(SuiteRunner.java:348)
	at org.testng.SuiteRunner.runSequentially(SuiteRunner.java:343)
	at org.testng.SuiteRunner.privateRun(SuiteRunner.java:305)
	at org.testng.SuiteRunner.run(SuiteRunner.java:254)
	at org.testng.SuiteRunnerWorker.runSuite(SuiteRunnerWorker.java:52)
	at org.testng.SuiteRunnerWorker.run(SuiteRunnerWorker.java:86)
	at org.testng.TestNG.runSuitesSequentially(TestNG.java:1224)
	at org.testng.TestNG.runSuitesLocally(TestNG.java:1149)
	at org.testng.TestNG.run(TestNG.java:1057)
	at org.testng.remote.AbstractRemoteTestNG.run(AbstractRemoteTestNG.java:114)
	at org.testng.remote.RemoteTestNG.initAndRun(RemoteTestNG.java:251)
	at org.testng.remote.RemoteTestNG.main(RemoteTestNG.java:77)
]]>
    </error>
  </testcase> <!-- verifyCatalogPriceRulesMenuTest -->
  <testcase name="verifyCatalogPriceRulesPageTitleTest" time="20.640" classname="com.shopcart.testcases.CatalogPriceRulesTestCases"/>
</testsuite> <!-- com.shopcart.testcases.CatalogPriceRulesTestCases -->
